info: ::1 - - [17/May/2023:06:34:32 +0000] "POST /api/v1/users HTTP/1.1" 500 91 "-" "PostmanRuntime/7.32.2"

info: ::1 - - [17/May/2023:06:35:20 +0000] "POST /api/v1/users HTTP/1.1" 500 68 "-" "PostmanRuntime/7.32.2"

info: ::1 - - [17/May/2023:06:39:14 +0000] "POST /api/v1/users HTTP/1.1" 201 297 "-" "PostmanRuntime/7.32.2"

info: ::1 - - [17/May/2023:07:02:31 +0000] "POST /api/v1/users/logins HTTP/1.1" 500 53 "-" "PostmanRuntime/7.32.2"

info: ::1 - - [17/May/2023:07:03:18 +0000] "POST /api/v1/users/logins HTTP/1.1" 500 71 "-" "PostmanRuntime/7.32.2"

info: ::1 - - [17/May/2023:07:04:30 +0000] "POST /api/v1/users/logins HTTP/1.1" 500 71 "-" "PostmanRuntime/7.32.2"

info: ::1 - - [17/May/2023:07:04:32 +0000] "POST /api/v1/users/logins HTTP/1.1" 500 71 "-" "PostmanRuntime/7.32.2"

info: ::1 - - [17/May/2023:07:04:48 +0000] "POST /api/v1/users/logins HTTP/1.1" 500 71 "-" "PostmanRuntime/7.32.2"

info: ::1 - - [17/May/2023:07:06:18 +0000] "POST /api/v1/users/logins HTTP/1.1" 200 242 "-" "PostmanRuntime/7.32.2"

info: ::1 - - [17/May/2023:07:15:21 +0000] "POST /api/v1/users/forgotP HTTP/1.1" 202 241 "-" "PostmanRuntime/7.32.2"

info: ::1 - - [17/May/2023:07:25:45 +0000] "POST /api/v1/users/resetpwd HTTP/1.1" 404 47 "-" "PostmanRuntime/7.32.2"

info: ::1 - - [17/May/2023:07:26:14 +0000] "POST /api/v1/users/resetpwd HTTP/1.1" 404 47 "-" "PostmanRuntime/7.32.2"

info: ::1 - - [17/May/2023:07:26:32 +0000] "POST /api/v1/users/resetpwd HTTP/1.1" 404 47 "-" "PostmanRuntime/7.32.2"

info: ::1 - - [17/May/2023:07:26:51 +0000] "PUT /api/v1/users/resetpwd HTTP/1.1" 400 40 "-" "PostmanRuntime/7.32.2"

info: ::1 - - [17/May/2023:07:26:56 +0000] "PUT /api/v1/users/resetpwd HTTP/1.1" 400 40 "-" "PostmanRuntime/7.32.2"

info: ::1 - - [17/May/2023:07:27:01 +0000] "PUT /api/v1/users/resetpwd HTTP/1.1" 400 40 "-" "PostmanRuntime/7.32.2"

info: ::1 - - [17/May/2023:07:28:05 +0000] "POST /api/v1/users/logins HTTP/1.1" 200 242 "-" "PostmanRuntime/7.32.2"

info: ::1 - - [17/May/2023:07:29:00 +0000] "PUT /api/v1/users/resetpwd HTTP/1.1" 400 87 "-" "PostmanRuntime/7.32.2"

info: ::1 - - [17/May/2023:07:29:16 +0000] "PUT /api/v1/users/resetpwd HTTP/1.1" 400 87 "-" "PostmanRuntime/7.32.2"

info: ::1 - - [17/May/2023:07:29:25 +0000] "PUT /api/v1/users/resetpwd HTTP/1.1" 400 87 "-" "PostmanRuntime/7.32.2"

info: ::1 - - [17/May/2023:07:30:15 +0000] "POST /api/v1/users/forgotP HTTP/1.1" 202 241 "-" "PostmanRuntime/7.32.2"

info: ::1 - - [17/May/2023:07:30:58 +0000] "PUT /api/v1/users/resetpwd HTTP/1.1" 400 87 "-" "PostmanRuntime/7.32.2"

info: ::1 - - [17/May/2023:07:32:32 +0000] "PUT /api/v1/users/resetpwd HTTP/1.1" 400 87 "-" "PostmanRuntime/7.32.2"

info: ::1 - - [17/May/2023:07:33:15 +0000] "PUT /api/v1/users/resetpwd HTTP/1.1" 400 87 "-" "PostmanRuntime/7.32.2"

info: ::1 - - [17/May/2023:07:33:35 +0000] "PUT /api/v1/users/resetpwd HTTP/1.1" 400 87 "-" "PostmanRuntime/7.32.2"

info: ::1 - - [17/May/2023:07:34:43 +0000] "PUT /api/v1/users/resetpwd HTTP/1.1" 400 89 "-" "PostmanRuntime/7.32.2"

info: ::1 - - [17/May/2023:07:35:45 +0000] "PUT /api/v1/users/resetpwd HTTP/1.1" 400 89 "-" "PostmanRuntime/7.32.2"

info: ::1 - - [17/May/2023:07:36:14 +0000] "PUT /api/v1/users/resetpwd HTTP/1.1" 400 87 "-" "PostmanRuntime/7.32.2"

info: ::1 - - [17/May/2023:07:36:16 +0000] "PUT /api/v1/users/resetpwd HTTP/1.1" 400 87 "-" "PostmanRuntime/7.32.2"

info: ::1 - - [17/May/2023:07:37:40 +0000] "PUT /api/v1/users/resetpwd HTTP/1.1" 400 87 "-" "PostmanRuntime/7.32.2"

info: ::1 - - [17/May/2023:07:38:32 +0000] "PUT /api/v1/users/resetpwd HTTP/1.1" 400 87 "-" "PostmanRuntime/7.32.2"

info: ::1 - - [17/May/2023:07:40:38 +0000] "PUT /api/v1/users/resetpwd HTTP/1.1" 400 89 "-" "PostmanRuntime/7.32.2"

info: ::1 - - [17/May/2023:07:40:51 +0000] "PUT /api/v1/users/resetpwd HTTP/1.1" 400 88 "-" "PostmanRuntime/7.32.2"

info: ::1 - - [17/May/2023:07:40:52 +0000] "PUT /api/v1/users/resetpwd HTTP/1.1" 400 88 "-" "PostmanRuntime/7.32.2"

info: ::1 - - [17/May/2023:07:41:48 +0000] "PUT /api/v1/users/resetpwd HTTP/1.1" 202 61 "-" "PostmanRuntime/7.32.2"

info: ::1 - - [17/May/2023:07:42:01 +0000] "PUT /api/v1/users/resetpwd HTTP/1.1" 202 61 "-" "PostmanRuntime/7.32.2"

info: ::1 - - [17/May/2023:07:42:17 +0000] "POST /api/v1/users/logins HTTP/1.1" 200 242 "-" "PostmanRuntime/7.32.2"

info: ::1 - - [17/May/2023:07:42:26 +0000] "POST /api/v1/users/logins HTTP/1.1" 500 61 "-" "PostmanRuntime/7.32.2"

info: ::1 - - [17/May/2023:07:43:29 +0000] "PUT /api/v1/users/resetpwd HTTP/1.1" 202 61 "-" "PostmanRuntime/7.32.2"

info: ::1 - - [17/May/2023:07:43:54 +0000] "PUT /api/v1/users/resetpwd HTTP/1.1" 202 61 "-" "PostmanRuntime/7.32.2"

info: ::1 - - [17/May/2023:07:44:14 +0000] "POST /api/v1/users/logins HTTP/1.1" 200 242 "-" "PostmanRuntime/7.32.2"

info: ::1 - - [17/May/2023:07:44:20 +0000] "POST /api/v1/users/logins HTTP/1.1" 500 61 "-" "PostmanRuntime/7.32.2"

info: ::1 - - [17/May/2023:07:45:36 +0000] "PUT /api/v1/users/resetpwd HTTP/1.1" 202 61 "-" "PostmanRuntime/7.32.2"

info: ::1 - - [17/May/2023:07:46:14 +0000] "PUT /api/v1/users/resetpwd HTTP/1.1" 202 168 "-" "PostmanRuntime/7.32.2"

info: ::1 - - [17/May/2023:07:46:28 +0000] "PUT /api/v1/users/resetpwd HTTP/1.1" 202 168 "-" "PostmanRuntime/7.32.2"

info: ::1 - - [17/May/2023:07:46:31 +0000] "PUT /api/v1/users/resetpwd HTTP/1.1" 202 168 "-" "PostmanRuntime/7.32.2"

info: ::1 - - [17/May/2023:07:46:56 +0000] "PUT /api/v1/users/resetpwd HTTP/1.1" 202 168 "-" "PostmanRuntime/7.32.2"

info: ::1 - - [17/May/2023:07:46:58 +0000] "PUT /api/v1/users/resetpwd HTTP/1.1" 202 168 "-" "PostmanRuntime/7.32.2"

info: ::1 - - [17/May/2023:09:00:48 +0000] "POST /api/v1/notes HTTP/1.1" 400 89 "-" "PostmanRuntime/7.32.2"

info: ::1 - - [17/May/2023:09:02:54 +0000] "POST /api/v1/notes HTTP/1.1" 201 241 "-" "PostmanRuntime/7.32.2"

info: ::1 - - [17/May/2023:09:08:11 +0000] "POST /api/v1/notes HTTP/1.1" 500 73 "-" "PostmanRuntime/7.32.2"

info: ::1 - - [17/May/2023:09:21:03 +0000] "POST /api/v1/notes HTTP/1.1" 201 243 "-" "PostmanRuntime/7.32.2"

info: ::1 - - [17/May/2023:09:47:04 +0000] "POST /api/v1/users/logins HTTP/1.1" 500 58 "-" "PostmanRuntime/7.32.2"

info: ::1 - - [17/May/2023:09:47:46 +0000] "POST /api/v1/users HTTP/1.1" 201 297 "-" "PostmanRuntime/7.32.2"

info: ::1 - - [17/May/2023:09:48:49 +0000] "POST /api/v1/users/logins HTTP/1.1" 200 242 "-" "PostmanRuntime/7.32.2"

info: ::1 - - [17/May/2023:09:51:02 +0000] "POST /api/v1/notes HTTP/1.1" 201 243 "-" "PostmanRuntime/7.32.2"

info: ::1 - - [17/May/2023:09:51:39 +0000] "POST /api/v1/notes HTTP/1.1" 201 243 "-" "PostmanRuntime/7.32.2"

info: ::1 - - [17/May/2023:09:51:50 +0000] "POST /api/v1/notes HTTP/1.1" 201 245 "-" "PostmanRuntime/7.32.2"

info: ::1 - - [17/May/2023:09:53:53 +0000] "POST /api/v1/users/logins HTTP/1.1" 200 242 "-" "PostmanRuntime/7.32.2"

info: ::1 - - [17/May/2023:09:54:26 +0000] "POST /api/v1/users/logins HTTP/1.1" 200 242 "-" "PostmanRuntime/7.32.2"

info: ::1 - - [17/May/2023:09:55:34 +0000] "POST /api/v1/notes HTTP/1.1" 500 65 "-" "PostmanRuntime/7.32.2"

info: ::1 - - [17/May/2023:09:55:45 +0000] "POST /api/v1/notes HTTP/1.1" 500 65 "-" "PostmanRuntime/7.32.2"

info: ::1 - - [17/May/2023:09:56:01 +0000] "POST /api/v1/notes HTTP/1.1" 201 265 "-" "PostmanRuntime/7.32.2"

info: ::1 - - [17/May/2023:10:34:23 +0000] "GET /api/v1/notes HTTP/1.1" 404 47 "-" "PostmanRuntime/7.32.2"

info: ::1 - - [17/May/2023:10:35:02 +0000] "GET /api/v1/notes HTTP/1.1" 500 62 "-" "PostmanRuntime/7.32.2"

info: ::1 - - [17/May/2023:10:35:40 +0000] "GET /api/v1/notes HTTP/1.1" 200 272 "-" "PostmanRuntime/7.32.2"

info: ::1 - - [17/May/2023:10:45:51 +0000] "GET /api/v1/notes/4 HTTP/1.1" 500 54 "-" "PostmanRuntime/7.32.2"

info: ::1 - - [17/May/2023:10:46:18 +0000] "GET /api/v1/notes/4 HTTP/1.1" 500 66 "-" "PostmanRuntime/7.32.2"

info: ::1 - - [17/May/2023:10:46:47 +0000] "GET /api/v1/notes/4 HTTP/1.1" 200 267 "-" "PostmanRuntime/7.32.2"

info: ::1 - - [17/May/2023:11:00:09 +0000] "PUT /api/v1/notes/4 HTTP/1.1" 500 54 "-" "PostmanRuntime/7.32.2"

info: ::1 - - [17/May/2023:11:00:57 +0000] "PUT /api/v1/notes/4 HTTP/1.1" 202 61 "-" "PostmanRuntime/7.32.2"

info: ::1 - - [17/May/2023:11:01:22 +0000] "PUT /api/v1/notes/4 HTTP/1.1" 202 61 "-" "PostmanRuntime/7.32.2"

info: ::1 - - [17/May/2023:11:24:53 +0000] "PUT /api/v1/notes/4/archived HTTP/1.1" 500 54 "-" "PostmanRuntime/7.32.2"

info: ::1 - - [17/May/2023:12:37:47 +0000] "PUT /api/v1/notes/4/archived HTTP/1.1" 500 89 "-" "PostmanRuntime/7.32.2"

info: ::1 - - [17/May/2023:12:38:36 +0000] "PUT /api/v1/notes/4/archived HTTP/1.1" 500 69 "-" "PostmanRuntime/7.32.2"

info: ::1 - - [17/May/2023:12:39:39 +0000] "PUT /api/v1/notes/4/archived HTTP/1.1" 500 69 "-" "PostmanRuntime/7.32.2"

info: ::1 - - [17/May/2023:12:42:38 +0000] "PUT /api/v1/notes/4/archived HTTP/1.1" 500 69 "-" "PostmanRuntime/7.32.2"

info: ::1 - - [17/May/2023:12:43:22 +0000] "PUT /api/v1/notes/4/archived HTTP/1.1" 200 66 "-" "PostmanRuntime/7.32.2"

info: ::1 - - [17/May/2023:12:47:21 +0000] "PUT /api/v1/notes/4/archived HTTP/1.1" 200 66 "-" "PostmanRuntime/7.32.2"

info: ::1 - - [17/May/2023:12:47:36 +0000] "PUT /api/v1/notes/4/archived HTTP/1.1" 200 66 "-" "PostmanRuntime/7.32.2"

info: ::1 - - [17/May/2023:12:48:33 +0000] "PUT /api/v1/notes/4/archived HTTP/1.1" 200 66 "-" "PostmanRuntime/7.32.2"

info: ::1 - - [17/May/2023:13:01:02 +0000] "PUT /api/v1/notes/4/trash HTTP/1.1" 500 54 "-" "PostmanRuntime/7.32.2"

info: ::1 - - [17/May/2023:13:01:16 +0000] "PUT /api/v1/notes/4/trash HTTP/1.1" 500 83 "-" "PostmanRuntime/7.32.2"

info: ::1 - - [17/May/2023:13:02:32 +0000] "PUT /api/v1/notes/4/trash HTTP/1.1" 500 83 "-" "PostmanRuntime/7.32.2"

info: ::1 - - [17/May/2023:13:03:08 +0000] "PUT /api/v1/notes/4/trash HTTP/1.1" 200 64 "-" "PostmanRuntime/7.32.2"

info: ::1 - - [17/May/2023:13:03:21 +0000] "PUT /api/v1/notes/4/trash HTTP/1.1" 200 64 "-" "PostmanRuntime/7.32.2"

info: ::1 - - [17/May/2023:13:03:34 +0000] "PUT /api/v1/notes/4/trash HTTP/1.1" 200 64 "-" "PostmanRuntime/7.32.2"

