error: uncaughtException: Please install pg package manually
Error: Please install pg package manually
    at ConnectionManager._loadDialectModule (E:\express\fundoo-notes-using-postgres\node_modules\sequelize\src\dialects\abstract\connection-manager.js:81:15)
    at new ConnectionManager (E:\express\fundoo-notes-using-postgres\node_modules\sequelize\src\dialects\postgres\connection-manager.js:18:24)
    at new PostgresDialect (E:\express\fundoo-notes-using-postgres\node_modules\sequelize\src\dialects\postgres\index.js:15:30)
    at new Sequelize (E:\express\fundoo-notes-using-postgres\node_modules\sequelize\src\sequelize.js:368:20)
    at Object.<anonymous> (E:\express\fundoo-notes-using-postgres\src\config\/database.js:25:19)
    at Module._compile (node:internal/modules/cjs/loader:1155:14)
    at Module._compile (E:\express\fundoo-notes-using-postgres\node_modules\pirates\lib\index.js:136:24)
    at Module._extensions..js (node:internal/modules/cjs/loader:1209:10)
    at Object.newLoader [as .js] (E:\express\fundoo-notes-using-postgres\node_modules\pirates\lib\index.js:141:7)
    at Module.load (node:internal/modules/cjs/loader:1033:32)
    at Function.Module._load (node:internal/modules/cjs/loader:868:12)
    at Module.require (node:internal/modules/cjs/loader:1057:19)
    at require (node:internal/modules/cjs/helpers:103:18)
    at Object.<anonymous> (E:\express\fundoo-notes-using-postgres\src\services\/user.service.js:1:1)
    at Module._compile (node:internal/modules/cjs/loader:1155:14)
    at Module._compile (E:\express\fundoo-notes-using-postgres\node_modules\pirates\lib\index.js:136:24)
    at Module._extensions..js (node:internal/modules/cjs/loader:1209:10)
    at Object.newLoader [as .js] (E:\express\fundoo-notes-using-postgres\node_modules\pirates\lib\index.js:141:7)
    at Module.load (node:internal/modules/cjs/loader:1033:32)
    at Function.Module._load (node:internal/modules/cjs/loader:868:12)
    at Module.require (node:internal/modules/cjs/loader:1057:19)
    at require (node:internal/modules/cjs/helpers:103:18)
    at Object.<anonymous> (E:\express\fundoo-notes-using-postgres\src\controllers\/user.controller.js:2:1)
    at Module._compile (node:internal/modules/cjs/loader:1155:14)
    at Module._compile (E:\express\fundoo-notes-using-postgres\node_modules\pirates\lib\index.js:136:24)
    at Module._extensions..js (node:internal/modules/cjs/loader:1209:10)
    at Object.newLoader [as .js] (E:\express\fundoo-notes-using-postgres\node_modules\pirates\lib\index.js:141:7)
    at Module.load (node:internal/modules/cjs/loader:1033:32)
    at Function.Module._load (node:internal/modules/cjs/loader:868:12)
    at Module.require (node:internal/modules/cjs/loader:1057:19)
    at require (node:internal/modules/cjs/helpers:103:18)
    at Object.<anonymous> (E:\express\fundoo-notes-using-postgres\src\routes\/user.route.js:2:1)
    at Module._compile (node:internal/modules/cjs/loader:1155:14)
    at Module._compile (E:\express\fundoo-notes-using-postgres\node_modules\pirates\lib\index.js:136:24)
    at Module._extensions..js (node:internal/modules/cjs/loader:1209:10)
    at Object.newLoader [as .js] (E:\express\fundoo-notes-using-postgres\node_modules\pirates\lib\index.js:141:7)
    at Module.load (node:internal/modules/cjs/loader:1033:32)
    at Function.Module._load (node:internal/modules/cjs/loader:868:12)
    at Module.require (node:internal/modules/cjs/loader:1057:19)
    at require (node:internal/modules/cjs/helpers:103:18)
    at Object.<anonymous> (E:\express\fundoo-notes-using-postgres\src\routes\/index.js:4:1)
    at Module._compile (node:internal/modules/cjs/loader:1155:14)
    at Module._compile (E:\express\fundoo-notes-using-postgres\node_modules\pirates\lib\index.js:136:24)
    at Module._extensions..js (node:internal/modules/cjs/loader:1209:10)
    at Object.newLoader [as .js] (E:\express\fundoo-notes-using-postgres\node_modules\pirates\lib\index.js:141:7)
    at Module.load (node:internal/modules/cjs/loader:1033:32)
    at Function.Module._load (node:internal/modules/cjs/loader:868:12)
    at Module.require (node:internal/modules/cjs/loader:1057:19)
    at require (node:internal/modules/cjs/helpers:103:18)
    at Object.<anonymous> (E:\express\fundoo-notes-using-postgres\src\/index.js:8:1) {"date":"Wed May 17 2023 11:38:35 GMT+0530 (India Standard Time)","error":{},"exception":true,"os":{"loadavg":[0,0,0],"uptime":184831},"process":{"argv":["node","E:\\express\\fundoo-notes-using-postgres\\src\\index.js"],"cwd":"E:\\express\\fundoo-notes-using-postgres","execPath":"C:\\Program Files\\nodejs\\node.exe","gid":null,"memoryUsage":{"arrayBuffers":471591,"external":6071474,"heapTotal":82735104,"heapUsed":45545792,"rss":112594944},"pid":12776,"uid":null,"version":"v16.18.0"},"stack":"Error: Please install pg package manually\n    at ConnectionManager._loadDialectModule (E:\\express\\fundoo-notes-using-postgres\\node_modules\\sequelize\\src\\dialects\\abstract\\connection-manager.js:81:15)\n    at new ConnectionManager (E:\\express\\fundoo-notes-using-postgres\\node_modules\\sequelize\\src\\dialects\\postgres\\connection-manager.js:18:24)\n    at new PostgresDialect (E:\\express\\fundoo-notes-using-postgres\\node_modules\\sequelize\\src\\dialects\\postgres\\index.js:15:30)\n    at new Sequelize (E:\\express\\fundoo-notes-using-postgres\\node_modules\\sequelize\\src\\sequelize.js:368:20)\n    at Object.<anonymous> (E:\\express\\fundoo-notes-using-postgres\\src\\config\\/database.js:25:19)\n    at Module._compile (node:internal/modules/cjs/loader:1155:14)\n    at Module._compile (E:\\express\\fundoo-notes-using-postgres\\node_modules\\pirates\\lib\\index.js:136:24)\n    at Module._extensions..js (node:internal/modules/cjs/loader:1209:10)\n    at Object.newLoader [as .js] (E:\\express\\fundoo-notes-using-postgres\\node_modules\\pirates\\lib\\index.js:141:7)\n    at Module.load (node:internal/modules/cjs/loader:1033:32)\n    at Function.Module._load (node:internal/modules/cjs/loader:868:12)\n    at Module.require (node:internal/modules/cjs/loader:1057:19)\n    at require (node:internal/modules/cjs/helpers:103:18)\n    at Object.<anonymous> (E:\\express\\fundoo-notes-using-postgres\\src\\services\\/user.service.js:1:1)\n    at Module._compile (node:internal/modules/cjs/loader:1155:14)\n    at Module._compile (E:\\express\\fundoo-notes-using-postgres\\node_modules\\pirates\\lib\\index.js:136:24)\n    at Module._extensions..js (node:internal/modules/cjs/loader:1209:10)\n    at Object.newLoader [as .js] (E:\\express\\fundoo-notes-using-postgres\\node_modules\\pirates\\lib\\index.js:141:7)\n    at Module.load (node:internal/modules/cjs/loader:1033:32)\n    at Function.Module._load (node:internal/modules/cjs/loader:868:12)\n    at Module.require (node:internal/modules/cjs/loader:1057:19)\n    at require (node:internal/modules/cjs/helpers:103:18)\n    at Object.<anonymous> (E:\\express\\fundoo-notes-using-postgres\\src\\controllers\\/user.controller.js:2:1)\n    at Module._compile (node:internal/modules/cjs/loader:1155:14)\n    at Module._compile (E:\\express\\fundoo-notes-using-postgres\\node_modules\\pirates\\lib\\index.js:136:24)\n    at Module._extensions..js (node:internal/modules/cjs/loader:1209:10)\n    at Object.newLoader [as .js] (E:\\express\\fundoo-notes-using-postgres\\node_modules\\pirates\\lib\\index.js:141:7)\n    at Module.load (node:internal/modules/cjs/loader:1033:32)\n    at Function.Module._load (node:internal/modules/cjs/loader:868:12)\n    at Module.require (node:internal/modules/cjs/loader:1057:19)\n    at require (node:internal/modules/cjs/helpers:103:18)\n    at Object.<anonymous> (E:\\express\\fundoo-notes-using-postgres\\src\\routes\\/user.route.js:2:1)\n    at Module._compile (node:internal/modules/cjs/loader:1155:14)\n    at Module._compile (E:\\express\\fundoo-notes-using-postgres\\node_modules\\pirates\\lib\\index.js:136:24)\n    at Module._extensions..js (node:internal/modules/cjs/loader:1209:10)\n    at Object.newLoader [as .js] (E:\\express\\fundoo-notes-using-postgres\\node_modules\\pirates\\lib\\index.js:141:7)\n    at Module.load (node:internal/modules/cjs/loader:1033:32)\n    at Function.Module._load (node:internal/modules/cjs/loader:868:12)\n    at Module.require (node:internal/modules/cjs/loader:1057:19)\n    at require (node:internal/modules/cjs/helpers:103:18)\n    at Object.<anonymous> (E:\\express\\fundoo-notes-using-postgres\\src\\routes\\/index.js:4:1)\n    at Module._compile (node:internal/modules/cjs/loader:1155:14)\n    at Module._compile (E:\\express\\fundoo-notes-using-postgres\\node_modules\\pirates\\lib\\index.js:136:24)\n    at Module._extensions..js (node:internal/modules/cjs/loader:1209:10)\n    at Object.newLoader [as .js] (E:\\express\\fundoo-notes-using-postgres\\node_modules\\pirates\\lib\\index.js:141:7)\n    at Module.load (node:internal/modules/cjs/loader:1033:32)\n    at Function.Module._load (node:internal/modules/cjs/loader:868:12)\n    at Module.require (node:internal/modules/cjs/loader:1057:19)\n    at require (node:internal/modules/cjs/helpers:103:18)\n    at Object.<anonymous> (E:\\express\\fundoo-notes-using-postgres\\src\\/index.js:8:1)","timestamp":"2023-05-17T06:08:35.410Z","trace":[{"column":15,"file":"E:\\express\\fundoo-notes-using-postgres\\node_modules\\sequelize\\src\\dialects\\abstract\\connection-manager.js","function":"ConnectionManager._loadDialectModule","line":81,"method":"_loadDialectModule","native":false},{"column":24,"file":"E:\\express\\fundoo-notes-using-postgres\\node_modules\\sequelize\\src\\dialects\\postgres\\connection-manager.js","function":"new ConnectionManager","line":18,"method":null,"native":false},{"column":30,"file":"E:\\express\\fundoo-notes-using-postgres\\node_modules\\sequelize\\src\\dialects\\postgres\\index.js","function":"new PostgresDialect","line":15,"method":null,"native":false},{"column":20,"file":"E:\\express\\fundoo-notes-using-postgres\\node_modules\\sequelize\\src\\sequelize.js","function":"new Sequelize","line":368,"method":null,"native":false},{"column":19,"file":"E:\\express\\fundoo-notes-using-postgres\\src\\config\\/database.js","function":null,"line":25,"method":null,"native":false},{"column":14,"file":"node:internal/modules/cjs/loader","function":"Module._compile","line":1155,"method":"_compile","native":false},{"column":24,"file":"E:\\express\\fundoo-notes-using-postgres\\node_modules\\pirates\\lib\\index.js","function":"Module._compile","line":136,"method":"_compile","native":false},{"column":10,"file":"node:internal/modules/cjs/loader","function":"Module._extensions..js","line":1209,"method":".js","native":false},{"column":7,"file":"E:\\express\\fundoo-notes-using-postgres\\node_modules\\pirates\\lib\\index.js","function":"Object.newLoader [as .js]","line":141,"method":"js]","native":false},{"column":32,"file":"node:internal/modules/cjs/loader","function":"Module.load","line":1033,"method":"load","native":false},{"column":12,"file":"node:internal/modules/cjs/loader","function":"Module._load","line":868,"method":"_load","native":false},{"column":19,"file":"node:internal/modules/cjs/loader","function":"Module.require","line":1057,"method":"require","native":false},{"column":18,"file":"node:internal/modules/cjs/helpers","function":"require","line":103,"method":null,"native":false},{"column":1,"file":"E:\\express\\fundoo-notes-using-postgres\\src\\services\\/user.service.js","function":null,"line":1,"method":null,"native":false},{"column":14,"file":"node:internal/modules/cjs/loader","function":"Module._compile","line":1155,"method":"_compile","native":false},{"column":24,"file":"E:\\express\\fundoo-notes-using-postgres\\node_modules\\pirates\\lib\\index.js","function":"Module._compile","line":136,"method":"_compile","native":false},{"column":10,"file":"node:internal/modules/cjs/loader","function":"Module._extensions..js","line":1209,"method":".js","native":false},{"column":7,"file":"E:\\express\\fundoo-notes-using-postgres\\node_modules\\pirates\\lib\\index.js","function":"Object.newLoader [as .js]","line":141,"method":"js]","native":false},{"column":32,"file":"node:internal/modules/cjs/loader","function":"Module.load","line":1033,"method":"load","native":false},{"column":12,"file":"node:internal/modules/cjs/loader","function":"Module._load","line":868,"method":"_load","native":false},{"column":19,"file":"node:internal/modules/cjs/loader","function":"Module.require","line":1057,"method":"require","native":false},{"column":18,"file":"node:internal/modules/cjs/helpers","function":"require","line":103,"method":null,"native":false},{"column":1,"file":"E:\\express\\fundoo-notes-using-postgres\\src\\controllers\\/user.controller.js","function":null,"line":2,"method":null,"native":false},{"column":14,"file":"node:internal/modules/cjs/loader","function":"Module._compile","line":1155,"method":"_compile","native":false},{"column":24,"file":"E:\\express\\fundoo-notes-using-postgres\\node_modules\\pirates\\lib\\index.js","function":"Module._compile","line":136,"method":"_compile","native":false},{"column":10,"file":"node:internal/modules/cjs/loader","function":"Module._extensions..js","line":1209,"method":".js","native":false},{"column":7,"file":"E:\\express\\fundoo-notes-using-postgres\\node_modules\\pirates\\lib\\index.js","function":"Object.newLoader [as .js]","line":141,"method":"js]","native":false},{"column":32,"file":"node:internal/modules/cjs/loader","function":"Module.load","line":1033,"method":"load","native":false},{"column":12,"file":"node:internal/modules/cjs/loader","function":"Module._load","line":868,"method":"_load","native":false},{"column":19,"file":"node:internal/modules/cjs/loader","function":"Module.require","line":1057,"method":"require","native":false},{"column":18,"file":"node:internal/modules/cjs/helpers","function":"require","line":103,"method":null,"native":false},{"column":1,"file":"E:\\express\\fundoo-notes-using-postgres\\src\\routes\\/user.route.js","function":null,"line":2,"method":null,"native":false},{"column":14,"file":"node:internal/modules/cjs/loader","function":"Module._compile","line":1155,"method":"_compile","native":false},{"column":24,"file":"E:\\express\\fundoo-notes-using-postgres\\node_modules\\pirates\\lib\\index.js","function":"Module._compile","line":136,"method":"_compile","native":false},{"column":10,"file":"node:internal/modules/cjs/loader","function":"Module._extensions..js","line":1209,"method":".js","native":false},{"column":7,"file":"E:\\express\\fundoo-notes-using-postgres\\node_modules\\pirates\\lib\\index.js","function":"Object.newLoader [as .js]","line":141,"method":"js]","native":false},{"column":32,"file":"node:internal/modules/cjs/loader","function":"Module.load","line":1033,"method":"load","native":false},{"column":12,"file":"node:internal/modules/cjs/loader","function":"Module._load","line":868,"method":"_load","native":false},{"column":19,"file":"node:internal/modules/cjs/loader","function":"Module.require","line":1057,"method":"require","native":false},{"column":18,"file":"node:internal/modules/cjs/helpers","function":"require","line":103,"method":null,"native":false},{"column":1,"file":"E:\\express\\fundoo-notes-using-postgres\\src\\routes\\/index.js","function":null,"line":4,"method":null,"native":false},{"column":14,"file":"node:internal/modules/cjs/loader","function":"Module._compile","line":1155,"method":"_compile","native":false},{"column":24,"file":"E:\\express\\fundoo-notes-using-postgres\\node_modules\\pirates\\lib\\index.js","function":"Module._compile","line":136,"method":"_compile","native":false},{"column":10,"file":"node:internal/modules/cjs/loader","function":"Module._extensions..js","line":1209,"method":".js","native":false},{"column":7,"file":"E:\\express\\fundoo-notes-using-postgres\\node_modules\\pirates\\lib\\index.js","function":"Object.newLoader [as .js]","line":141,"method":"js]","native":false},{"column":32,"file":"node:internal/modules/cjs/loader","function":"Module.load","line":1033,"method":"load","native":false},{"column":12,"file":"node:internal/modules/cjs/loader","function":"Module._load","line":868,"method":"_load","native":false},{"column":19,"file":"node:internal/modules/cjs/loader","function":"Module.require","line":1057,"method":"require","native":false},{"column":18,"file":"node:internal/modules/cjs/helpers","function":"require","line":103,"method":null,"native":false},{"column":1,"file":"E:\\express\\fundoo-notes-using-postgres\\src\\/index.js","function":null,"line":8,"method":null,"native":false}]}
error: uncaughtException: Cannot find module 'bcrypt'
Require stack:
- E:\express\fundoo-notes-using-postgres\src\services\user.service.js
- E:\express\fundoo-notes-using-postgres\src\controllers\user.controller.js
- E:\express\fundoo-notes-using-postgres\src\routes\user.route.js
- E:\express\fundoo-notes-using-postgres\src\routes\index.js
- E:\express\fundoo-notes-using-postgres\src\index.js
Error: Cannot find module 'bcrypt'
Require stack:
- E:\express\fundoo-notes-using-postgres\src\services\user.service.js
- E:\express\fundoo-notes-using-postgres\src\controllers\user.controller.js
- E:\express\fundoo-notes-using-postgres\src\routes\user.route.js
- E:\express\fundoo-notes-using-postgres\src\routes\index.js
- E:\express\fundoo-notes-using-postgres\src\index.js
    at Function.Module._resolveFilename (node:internal/modules/cjs/loader:985:15)
    at Function.Module._load (node:internal/modules/cjs/loader:833:27)
    at Module.require (node:internal/modules/cjs/loader:1057:19)
    at require (node:internal/modules/cjs/helpers:103:18)
    at Object.<anonymous> (E:\express\fundoo-notes-using-postgres\src\services\/user.service.js:3:16)
    at Module._compile (node:internal/modules/cjs/loader:1155:14)
    at Module._compile (E:\express\fundoo-notes-using-postgres\node_modules\pirates\lib\index.js:136:24)
    at Module._extensions..js (node:internal/modules/cjs/loader:1209:10)
    at Object.newLoader [as .js] (E:\express\fundoo-notes-using-postgres\node_modules\pirates\lib\index.js:141:7)
    at Module.load (node:internal/modules/cjs/loader:1033:32)
    at Function.Module._load (node:internal/modules/cjs/loader:868:12)
    at Module.require (node:internal/modules/cjs/loader:1057:19)
    at require (node:internal/modules/cjs/helpers:103:18)
    at Object.<anonymous> (E:\express\fundoo-notes-using-postgres\src\controllers\/user.controller.js:2:1)
    at Module._compile (node:internal/modules/cjs/loader:1155:14)
    at Module._compile (E:\express\fundoo-notes-using-postgres\node_modules\pirates\lib\index.js:136:24)
    at Module._extensions..js (node:internal/modules/cjs/loader:1209:10)
    at Object.newLoader [as .js] (E:\express\fundoo-notes-using-postgres\node_modules\pirates\lib\index.js:141:7)
    at Module.load (node:internal/modules/cjs/loader:1033:32)
    at Function.Module._load (node:internal/modules/cjs/loader:868:12)
    at Module.require (node:internal/modules/cjs/loader:1057:19)
    at require (node:internal/modules/cjs/helpers:103:18)
    at Object.<anonymous> (E:\express\fundoo-notes-using-postgres\src\routes\/user.route.js:2:1)
    at Module._compile (node:internal/modules/cjs/loader:1155:14)
    at Module._compile (E:\express\fundoo-notes-using-postgres\node_modules\pirates\lib\index.js:136:24)
    at Module._extensions..js (node:internal/modules/cjs/loader:1209:10)
    at Object.newLoader [as .js] (E:\express\fundoo-notes-using-postgres\node_modules\pirates\lib\index.js:141:7)
    at Module.load (node:internal/modules/cjs/loader:1033:32)
    at Function.Module._load (node:internal/modules/cjs/loader:868:12)
    at Module.require (node:internal/modules/cjs/loader:1057:19)
    at require (node:internal/modules/cjs/helpers:103:18)
    at Object.<anonymous> (E:\express\fundoo-notes-using-postgres\src\routes\/index.js:4:1)
    at Module._compile (node:internal/modules/cjs/loader:1155:14)
    at Module._compile (E:\express\fundoo-notes-using-postgres\node_modules\pirates\lib\index.js:136:24)
    at Module._extensions..js (node:internal/modules/cjs/loader:1209:10)
    at Object.newLoader [as .js] (E:\express\fundoo-notes-using-postgres\node_modules\pirates\lib\index.js:141:7)
    at Module.load (node:internal/modules/cjs/loader:1033:32)
    at Function.Module._load (node:internal/modules/cjs/loader:868:12)
    at Module.require (node:internal/modules/cjs/loader:1057:19)
    at require (node:internal/modules/cjs/helpers:103:18)
    at Object.<anonymous> (E:\express\fundoo-notes-using-postgres\src\/index.js:8:1)
    at Module._compile (node:internal/modules/cjs/loader:1155:14)
    at Module._compile (E:\express\fundoo-notes-using-postgres\node_modules\pirates\lib\index.js:136:24)
    at Module._extensions..js (node:internal/modules/cjs/loader:1209:10)
    at Object.newLoader [as .js] (E:\express\fundoo-notes-using-postgres\node_modules\pirates\lib\index.js:141:7)
    at Module.load (node:internal/modules/cjs/loader:1033:32)
    at Function.Module._load (node:internal/modules/cjs/loader:868:12)
    at Function.runMain (node:internal/modules/run_main:81:12)
    at Object.<anonymous> (E:\express\fundoo-notes-using-postgres\node_modules\@babel\node\src\_babel-node.ts:223:12)
    at Module._compile (node:internal/modules/cjs/loader:1155:14) {"date":"Wed May 17 2023 12:02:07 GMT+0530 (India Standard Time)","error":{"code":"MODULE_NOT_FOUND","requireStack":["E:\\express\\fundoo-notes-using-postgres\\src\\services\\user.service.js","E:\\express\\fundoo-notes-using-postgres\\src\\controllers\\user.controller.js","E:\\express\\fundoo-notes-using-postgres\\src\\routes\\user.route.js","E:\\express\\fundoo-notes-using-postgres\\src\\routes\\index.js","E:\\express\\fundoo-notes-using-postgres\\src\\index.js"]},"exception":true,"os":{"loadavg":[0,0,0],"uptime":186244},"process":{"argv":["node","E:\\express\\fundoo-notes-using-postgres\\src\\index.js"],"cwd":"E:\\express\\fundoo-notes-using-postgres","execPath":"C:\\Program Files\\nodejs\\node.exe","gid":null,"memoryUsage":{"arrayBuffers":122670,"external":5410193,"heapTotal":80113664,"heapUsed":52462480,"rss":111439872},"pid":7200,"uid":null,"version":"v16.18.0"},"stack":"Error: Cannot find module 'bcrypt'\nRequire stack:\n- E:\\express\\fundoo-notes-using-postgres\\src\\services\\user.service.js\n- E:\\express\\fundoo-notes-using-postgres\\src\\controllers\\user.controller.js\n- E:\\express\\fundoo-notes-using-postgres\\src\\routes\\user.route.js\n- E:\\express\\fundoo-notes-using-postgres\\src\\routes\\index.js\n- E:\\express\\fundoo-notes-using-postgres\\src\\index.js\n    at Function.Module._resolveFilename (node:internal/modules/cjs/loader:985:15)\n    at Function.Module._load (node:internal/modules/cjs/loader:833:27)\n    at Module.require (node:internal/modules/cjs/loader:1057:19)\n    at require (node:internal/modules/cjs/helpers:103:18)\n    at Object.<anonymous> (E:\\express\\fundoo-notes-using-postgres\\src\\services\\/user.service.js:3:16)\n    at Module._compile (node:internal/modules/cjs/loader:1155:14)\n    at Module._compile (E:\\express\\fundoo-notes-using-postgres\\node_modules\\pirates\\lib\\index.js:136:24)\n    at Module._extensions..js (node:internal/modules/cjs/loader:1209:10)\n    at Object.newLoader [as .js] (E:\\express\\fundoo-notes-using-postgres\\node_modules\\pirates\\lib\\index.js:141:7)\n    at Module.load (node:internal/modules/cjs/loader:1033:32)\n    at Function.Module._load (node:internal/modules/cjs/loader:868:12)\n    at Module.require (node:internal/modules/cjs/loader:1057:19)\n    at require (node:internal/modules/cjs/helpers:103:18)\n    at Object.<anonymous> (E:\\express\\fundoo-notes-using-postgres\\src\\controllers\\/user.controller.js:2:1)\n    at Module._compile (node:internal/modules/cjs/loader:1155:14)\n    at Module._compile (E:\\express\\fundoo-notes-using-postgres\\node_modules\\pirates\\lib\\index.js:136:24)\n    at Module._extensions..js (node:internal/modules/cjs/loader:1209:10)\n    at Object.newLoader [as .js] (E:\\express\\fundoo-notes-using-postgres\\node_modules\\pirates\\lib\\index.js:141:7)\n    at Module.load (node:internal/modules/cjs/loader:1033:32)\n    at Function.Module._load (node:internal/modules/cjs/loader:868:12)\n    at Module.require (node:internal/modules/cjs/loader:1057:19)\n    at require (node:internal/modules/cjs/helpers:103:18)\n    at Object.<anonymous> (E:\\express\\fundoo-notes-using-postgres\\src\\routes\\/user.route.js:2:1)\n    at Module._compile (node:internal/modules/cjs/loader:1155:14)\n    at Module._compile (E:\\express\\fundoo-notes-using-postgres\\node_modules\\pirates\\lib\\index.js:136:24)\n    at Module._extensions..js (node:internal/modules/cjs/loader:1209:10)\n    at Object.newLoader [as .js] (E:\\express\\fundoo-notes-using-postgres\\node_modules\\pirates\\lib\\index.js:141:7)\n    at Module.load (node:internal/modules/cjs/loader:1033:32)\n    at Function.Module._load (node:internal/modules/cjs/loader:868:12)\n    at Module.require (node:internal/modules/cjs/loader:1057:19)\n    at require (node:internal/modules/cjs/helpers:103:18)\n    at Object.<anonymous> (E:\\express\\fundoo-notes-using-postgres\\src\\routes\\/index.js:4:1)\n    at Module._compile (node:internal/modules/cjs/loader:1155:14)\n    at Module._compile (E:\\express\\fundoo-notes-using-postgres\\node_modules\\pirates\\lib\\index.js:136:24)\n    at Module._extensions..js (node:internal/modules/cjs/loader:1209:10)\n    at Object.newLoader [as .js] (E:\\express\\fundoo-notes-using-postgres\\node_modules\\pirates\\lib\\index.js:141:7)\n    at Module.load (node:internal/modules/cjs/loader:1033:32)\n    at Function.Module._load (node:internal/modules/cjs/loader:868:12)\n    at Module.require (node:internal/modules/cjs/loader:1057:19)\n    at require (node:internal/modules/cjs/helpers:103:18)\n    at Object.<anonymous> (E:\\express\\fundoo-notes-using-postgres\\src\\/index.js:8:1)\n    at Module._compile (node:internal/modules/cjs/loader:1155:14)\n    at Module._compile (E:\\express\\fundoo-notes-using-postgres\\node_modules\\pirates\\lib\\index.js:136:24)\n    at Module._extensions..js (node:internal/modules/cjs/loader:1209:10)\n    at Object.newLoader [as .js] (E:\\express\\fundoo-notes-using-postgres\\node_modules\\pirates\\lib\\index.js:141:7)\n    at Module.load (node:internal/modules/cjs/loader:1033:32)\n    at Function.Module._load (node:internal/modules/cjs/loader:868:12)\n    at Function.runMain (node:internal/modules/run_main:81:12)\n    at Object.<anonymous> (E:\\express\\fundoo-notes-using-postgres\\node_modules\\@babel\\node\\src\\_babel-node.ts:223:12)\n    at Module._compile (node:internal/modules/cjs/loader:1155:14)","timestamp":"2023-05-17T06:32:08.018Z","trace":[{"column":15,"file":"node:internal/modules/cjs/loader","function":"Module._resolveFilename","line":985,"method":"_resolveFilename","native":false},{"column":27,"file":"node:internal/modules/cjs/loader","function":"Module._load","line":833,"method":"_load","native":false},{"column":19,"file":"node:internal/modules/cjs/loader","function":"Module.require","line":1057,"method":"require","native":false},{"column":18,"file":"node:internal/modules/cjs/helpers","function":"require","line":103,"method":null,"native":false},{"column":16,"file":"E:\\express\\fundoo-notes-using-postgres\\src\\services\\/user.service.js","function":null,"line":3,"method":null,"native":false},{"column":14,"file":"node:internal/modules/cjs/loader","function":"Module._compile","line":1155,"method":"_compile","native":false},{"column":24,"file":"E:\\express\\fundoo-notes-using-postgres\\node_modules\\pirates\\lib\\index.js","function":"Module._compile","line":136,"method":"_compile","native":false},{"column":10,"file":"node:internal/modules/cjs/loader","function":"Module._extensions..js","line":1209,"method":".js","native":false},{"column":7,"file":"E:\\express\\fundoo-notes-using-postgres\\node_modules\\pirates\\lib\\index.js","function":"Object.newLoader [as .js]","line":141,"method":"js]","native":false},{"column":32,"file":"node:internal/modules/cjs/loader","function":"Module.load","line":1033,"method":"load","native":false},{"column":12,"file":"node:internal/modules/cjs/loader","function":"Module._load","line":868,"method":"_load","native":false},{"column":19,"file":"node:internal/modules/cjs/loader","function":"Module.require","line":1057,"method":"require","native":false},{"column":18,"file":"node:internal/modules/cjs/helpers","function":"require","line":103,"method":null,"native":false},{"column":1,"file":"E:\\express\\fundoo-notes-using-postgres\\src\\controllers\\/user.controller.js","function":null,"line":2,"method":null,"native":false},{"column":14,"file":"node:internal/modules/cjs/loader","function":"Module._compile","line":1155,"method":"_compile","native":false},{"column":24,"file":"E:\\express\\fundoo-notes-using-postgres\\node_modules\\pirates\\lib\\index.js","function":"Module._compile","line":136,"method":"_compile","native":false},{"column":10,"file":"node:internal/modules/cjs/loader","function":"Module._extensions..js","line":1209,"method":".js","native":false},{"column":7,"file":"E:\\express\\fundoo-notes-using-postgres\\node_modules\\pirates\\lib\\index.js","function":"Object.newLoader [as .js]","line":141,"method":"js]","native":false},{"column":32,"file":"node:internal/modules/cjs/loader","function":"Module.load","line":1033,"method":"load","native":false},{"column":12,"file":"node:internal/modules/cjs/loader","function":"Module._load","line":868,"method":"_load","native":false},{"column":19,"file":"node:internal/modules/cjs/loader","function":"Module.require","line":1057,"method":"require","native":false},{"column":18,"file":"node:internal/modules/cjs/helpers","function":"require","line":103,"method":null,"native":false},{"column":1,"file":"E:\\express\\fundoo-notes-using-postgres\\src\\routes\\/user.route.js","function":null,"line":2,"method":null,"native":false},{"column":14,"file":"node:internal/modules/cjs/loader","function":"Module._compile","line":1155,"method":"_compile","native":false},{"column":24,"file":"E:\\express\\fundoo-notes-using-postgres\\node_modules\\pirates\\lib\\index.js","function":"Module._compile","line":136,"method":"_compile","native":false},{"column":10,"file":"node:internal/modules/cjs/loader","function":"Module._extensions..js","line":1209,"method":".js","native":false},{"column":7,"file":"E:\\express\\fundoo-notes-using-postgres\\node_modules\\pirates\\lib\\index.js","function":"Object.newLoader [as .js]","line":141,"method":"js]","native":false},{"column":32,"file":"node:internal/modules/cjs/loader","function":"Module.load","line":1033,"method":"load","native":false},{"column":12,"file":"node:internal/modules/cjs/loader","function":"Module._load","line":868,"method":"_load","native":false},{"column":19,"file":"node:internal/modules/cjs/loader","function":"Module.require","line":1057,"method":"require","native":false},{"column":18,"file":"node:internal/modules/cjs/helpers","function":"require","line":103,"method":null,"native":false},{"column":1,"file":"E:\\express\\fundoo-notes-using-postgres\\src\\routes\\/index.js","function":null,"line":4,"method":null,"native":false},{"column":14,"file":"node:internal/modules/cjs/loader","function":"Module._compile","line":1155,"method":"_compile","native":false},{"column":24,"file":"E:\\express\\fundoo-notes-using-postgres\\node_modules\\pirates\\lib\\index.js","function":"Module._compile","line":136,"method":"_compile","native":false},{"column":10,"file":"node:internal/modules/cjs/loader","function":"Module._extensions..js","line":1209,"method":".js","native":false},{"column":7,"file":"E:\\express\\fundoo-notes-using-postgres\\node_modules\\pirates\\lib\\index.js","function":"Object.newLoader [as .js]","line":141,"method":"js]","native":false},{"column":32,"file":"node:internal/modules/cjs/loader","function":"Module.load","line":1033,"method":"load","native":false},{"column":12,"file":"node:internal/modules/cjs/loader","function":"Module._load","line":868,"method":"_load","native":false},{"column":19,"file":"node:internal/modules/cjs/loader","function":"Module.require","line":1057,"method":"require","native":false},{"column":18,"file":"node:internal/modules/cjs/helpers","function":"require","line":103,"method":null,"native":false},{"column":1,"file":"E:\\express\\fundoo-notes-using-postgres\\src\\/index.js","function":null,"line":8,"method":null,"native":false},{"column":14,"file":"node:internal/modules/cjs/loader","function":"Module._compile","line":1155,"method":"_compile","native":false},{"column":24,"file":"E:\\express\\fundoo-notes-using-postgres\\node_modules\\pirates\\lib\\index.js","function":"Module._compile","line":136,"method":"_compile","native":false},{"column":10,"file":"node:internal/modules/cjs/loader","function":"Module._extensions..js","line":1209,"method":".js","native":false},{"column":7,"file":"E:\\express\\fundoo-notes-using-postgres\\node_modules\\pirates\\lib\\index.js","function":"Object.newLoader [as .js]","line":141,"method":"js]","native":false},{"column":32,"file":"node:internal/modules/cjs/loader","function":"Module.load","line":1033,"method":"load","native":false},{"column":12,"file":"node:internal/modules/cjs/loader","function":"Module._load","line":868,"method":"_load","native":false},{"column":12,"file":"node:internal/modules/run_main","function":"Function.runMain","line":81,"method":"runMain","native":false},{"column":12,"file":"E:\\express\\fundoo-notes-using-postgres\\node_modules\\@babel\\node\\src\\_babel-node.ts","function":null,"line":223,"method":null,"native":false},{"column":14,"file":"node:internal/modules/cjs/loader","function":"Module._compile","line":1155,"method":"_compile","native":false}]}
error: 
    status - 500 
    message - Error: 
    at Query.run (E:\express\fundoo-notes-using-postgres\node_modules\sequelize\src\dialects\postgres\query.js:76:25)
    at E:\express\fundoo-notes-using-postgres\node_modules\sequelize\src\sequelize.js:650:28
    at processTicksAndRejections (node:internal/process/task_queues:96:5)
    at PostgresQueryInterface.insert (E:\express\fundoo-notes-using-postgres\node_modules\sequelize\src\dialects\abstract\query-interface.js:795:21)
    at user.save (E:\express\fundoo-notes-using-postgres\node_modules\sequelize\src\model.js:4153:35)
    at Function.create (E:\express\fundoo-notes-using-postgres\node_modules\sequelize\src\model.js:2305:12) 
    url - /api/v1/users 
    method - POST 
    IP - ::1
   {"timestamp":"2023-05-17T06:34:32.428Z"}
error: 
    status - 500 
    message - Error: 
    at Query.run (E:\express\fundoo-notes-using-postgres\node_modules\sequelize\src\dialects\postgres\query.js:76:25)
    at E:\express\fundoo-notes-using-postgres\node_modules\sequelize\src\sequelize.js:650:28
    at processTicksAndRejections (node:internal/process/task_queues:96:5)
    at PostgresQueryInterface.insert (E:\express\fundoo-notes-using-postgres\node_modules\sequelize\src\dialects\abstract\query-interface.js:795:21)
    at user.save (E:\express\fundoo-notes-using-postgres\node_modules\sequelize\src\model.js:4153:35)
    at Function.create (E:\express\fundoo-notes-using-postgres\node_modules\sequelize\src\model.js:2305:12) 
    url - /api/v1/users 
    method - POST 
    IP - ::1
   {"timestamp":"2023-05-17T06:35:20.832Z"}
error: 
    status - 500 
    message - ReferenceError: jwt is not defined
    at _callee3$ (E:\express\fundoo-notes-using-postgres\src\services\/user.service.js:29:11)
    at tryCatch (E:\express\fundoo-notes-using-postgres\node_modules\@babel\runtime\helpers\regeneratorRuntime.js:44:17)
    at Generator.<anonymous> (E:\express\fundoo-notes-using-postgres\node_modules\@babel\runtime\helpers\regeneratorRuntime.js:125:22)
    at Generator.next (E:\express\fundoo-notes-using-postgres\node_modules\@babel\runtime\helpers\regeneratorRuntime.js:69:21)
    at asyncGeneratorStep (E:\express\fundoo-notes-using-postgres\node_modules\@babel\runtime\helpers\asyncToGenerator.js:3:24)
    at _next (E:\express\fundoo-notes-using-postgres\node_modules\@babel\runtime\helpers\asyncToGenerator.js:22:9) 
    url - /api/v1/users/logins 
    method - POST 
    IP - ::1
   {"timestamp":"2023-05-17T07:02:31.762Z"}
error: 
    status - 500 
    message - Error: secretOrPrivateKey must have a value
    at Object.sign (E:\express\fundoo-notes-using-postgres\node_modules\jsonwebtoken\sign.js:107:20)
    at _callee3$ (E:\express\fundoo-notes-using-postgres\src\services\/user.service.js:30:23)
    at tryCatch (E:\express\fundoo-notes-using-postgres\node_modules\@babel\runtime\helpers\regeneratorRuntime.js:44:17)
    at Generator.<anonymous> (E:\express\fundoo-notes-using-postgres\node_modules\@babel\runtime\helpers\regeneratorRuntime.js:125:22)
    at Generator.next (E:\express\fundoo-notes-using-postgres\node_modules\@babel\runtime\helpers\regeneratorRuntime.js:69:21)
    at asyncGeneratorStep (E:\express\fundoo-notes-using-postgres\node_modules\@babel\runtime\helpers\asyncToGenerator.js:3:24)
    at _next (E:\express\fundoo-notes-using-postgres\node_modules\@babel\runtime\helpers\asyncToGenerator.js:22:9) 
    url - /api/v1/users/logins 
    method - POST 
    IP - ::1
   {"timestamp":"2023-05-17T07:03:18.863Z"}
error: 
    status - 500 
    message - Error: secretOrPrivateKey must have a value
    at Object.sign (E:\express\fundoo-notes-using-postgres\node_modules\jsonwebtoken\sign.js:107:20)
    at _callee3$ (E:\express\fundoo-notes-using-postgres\src\services\/user.service.js:30:23)
    at tryCatch (E:\express\fundoo-notes-using-postgres\node_modules\@babel\runtime\helpers\regeneratorRuntime.js:44:17)
    at Generator.<anonymous> (E:\express\fundoo-notes-using-postgres\node_modules\@babel\runtime\helpers\regeneratorRuntime.js:125:22)
    at Generator.next (E:\express\fundoo-notes-using-postgres\node_modules\@babel\runtime\helpers\regeneratorRuntime.js:69:21)
    at asyncGeneratorStep (E:\express\fundoo-notes-using-postgres\node_modules\@babel\runtime\helpers\asyncToGenerator.js:3:24)
    at _next (E:\express\fundoo-notes-using-postgres\node_modules\@babel\runtime\helpers\asyncToGenerator.js:22:9) 
    url - /api/v1/users/logins 
    method - POST 
    IP - ::1
   {"timestamp":"2023-05-17T07:04:30.915Z"}
error: 
    status - 500 
    message - Error: secretOrPrivateKey must have a value
    at Object.sign (E:\express\fundoo-notes-using-postgres\node_modules\jsonwebtoken\sign.js:107:20)
    at _callee3$ (E:\express\fundoo-notes-using-postgres\src\services\/user.service.js:30:23)
    at tryCatch (E:\express\fundoo-notes-using-postgres\node_modules\@babel\runtime\helpers\regeneratorRuntime.js:44:17)
    at Generator.<anonymous> (E:\express\fundoo-notes-using-postgres\node_modules\@babel\runtime\helpers\regeneratorRuntime.js:125:22)
    at Generator.next (E:\express\fundoo-notes-using-postgres\node_modules\@babel\runtime\helpers\regeneratorRuntime.js:69:21)
    at asyncGeneratorStep (E:\express\fundoo-notes-using-postgres\node_modules\@babel\runtime\helpers\asyncToGenerator.js:3:24)
    at _next (E:\express\fundoo-notes-using-postgres\node_modules\@babel\runtime\helpers\asyncToGenerator.js:22:9) 
    url - /api/v1/users/logins 
    method - POST 
    IP - ::1
   {"timestamp":"2023-05-17T07:04:32.968Z"}
error: 
    status - 500 
    message - Error: secretOrPrivateKey must have a value
    at Object.sign (E:\express\fundoo-notes-using-postgres\node_modules\jsonwebtoken\sign.js:107:20)
    at _callee3$ (E:\express\fundoo-notes-using-postgres\src\services\/user.service.js:30:23)
    at tryCatch (E:\express\fundoo-notes-using-postgres\node_modules\@babel\runtime\helpers\regeneratorRuntime.js:44:17)
    at Generator.<anonymous> (E:\express\fundoo-notes-using-postgres\node_modules\@babel\runtime\helpers\regeneratorRuntime.js:125:22)
    at Generator.next (E:\express\fundoo-notes-using-postgres\node_modules\@babel\runtime\helpers\regeneratorRuntime.js:69:21)
    at asyncGeneratorStep (E:\express\fundoo-notes-using-postgres\node_modules\@babel\runtime\helpers\asyncToGenerator.js:3:24)
    at _next (E:\express\fundoo-notes-using-postgres\node_modules\@babel\runtime\helpers\asyncToGenerator.js:22:9) 
    url - /api/v1/users/logins 
    method - POST 
    IP - ::1
   {"timestamp":"2023-05-17T07:04:48.296Z"}
error: uncaughtException: Route.put() requires a callback function but got a [object Undefined]
Error: Route.put() requires a callback function but got a [object Undefined]
    at Route.<computed> [as put] (E:\express\fundoo-notes-using-postgres\node_modules\express\lib\router\route.js:211:15)
    at Function.put (E:\express\fundoo-notes-using-postgres\node_modules\express\lib\router\index.js:521:19)
    at Object.<anonymous> (E:\express\fundoo-notes-using-postgres\src\routes\/user.route.js:21:8)
    at Module._compile (node:internal/modules/cjs/loader:1155:14)
    at Module._compile (E:\express\fundoo-notes-using-postgres\node_modules\pirates\lib\index.js:136:24)
    at Module._extensions..js (node:internal/modules/cjs/loader:1209:10)
    at Object.newLoader [as .js] (E:\express\fundoo-notes-using-postgres\node_modules\pirates\lib\index.js:141:7)
    at Module.load (node:internal/modules/cjs/loader:1033:32)
    at Function.Module._load (node:internal/modules/cjs/loader:868:12)
    at Module.require (node:internal/modules/cjs/loader:1057:19)
    at require (node:internal/modules/cjs/helpers:103:18)
    at Object.<anonymous> (E:\express\fundoo-notes-using-postgres\src\routes\/index.js:4:1)
    at Module._compile (node:internal/modules/cjs/loader:1155:14)
    at Module._compile (E:\express\fundoo-notes-using-postgres\node_modules\pirates\lib\index.js:136:24)
    at Module._extensions..js (node:internal/modules/cjs/loader:1209:10)
    at Object.newLoader [as .js] (E:\express\fundoo-notes-using-postgres\node_modules\pirates\lib\index.js:141:7)
    at Module.load (node:internal/modules/cjs/loader:1033:32)
    at Function.Module._load (node:internal/modules/cjs/loader:868:12)
    at Module.require (node:internal/modules/cjs/loader:1057:19)
    at require (node:internal/modules/cjs/helpers:103:18)
    at Object.<anonymous> (E:\express\fundoo-notes-using-postgres\src\/index.js:8:1)
    at Module._compile (node:internal/modules/cjs/loader:1155:14)
    at Module._compile (E:\express\fundoo-notes-using-postgres\node_modules\pirates\lib\index.js:136:24)
    at Module._extensions..js (node:internal/modules/cjs/loader:1209:10)
    at Object.newLoader [as .js] (E:\express\fundoo-notes-using-postgres\node_modules\pirates\lib\index.js:141:7)
    at Module.load (node:internal/modules/cjs/loader:1033:32)
    at Function.Module._load (node:internal/modules/cjs/loader:868:12)
    at Function.runMain (node:internal/modules/run_main:81:12)
    at Object.<anonymous> (E:\express\fundoo-notes-using-postgres\node_modules\@babel\node\src\_babel-node.ts:223:12)
    at Module._compile (node:internal/modules/cjs/loader:1155:14)
    at Object.Module._extensions..js (node:internal/modules/cjs/loader:1209:10)
    at Module.load (node:internal/modules/cjs/loader:1033:32)
    at Function.Module._load (node:internal/modules/cjs/loader:868:12)
    at Function.executeUserEntryPoint [as runMain] (node:internal/modules/run_main:81:12)
    at node:internal/main/run_main_module:22:47 {"date":"Wed May 17 2023 12:46:19 GMT+0530 (India Standard Time)","error":{},"exception":true,"os":{"loadavg":[0,0,0],"uptime":188895},"process":{"argv":["node","E:\\express\\fundoo-notes-using-postgres\\src\\index.js"],"cwd":"E:\\express\\fundoo-notes-using-postgres","execPath":"C:\\Program Files\\nodejs\\node.exe","gid":null,"memoryUsage":{"arrayBuffers":184133,"external":12367863,"heapTotal":89812992,"heapUsed":60817272,"rss":122216448},"pid":9800,"uid":null,"version":"v16.18.0"},"stack":"Error: Route.put() requires a callback function but got a [object Undefined]\n    at Route.<computed> [as put] (E:\\express\\fundoo-notes-using-postgres\\node_modules\\express\\lib\\router\\route.js:211:15)\n    at Function.put (E:\\express\\fundoo-notes-using-postgres\\node_modules\\express\\lib\\router\\index.js:521:19)\n    at Object.<anonymous> (E:\\express\\fundoo-notes-using-postgres\\src\\routes\\/user.route.js:21:8)\n    at Module._compile (node:internal/modules/cjs/loader:1155:14)\n    at Module._compile (E:\\express\\fundoo-notes-using-postgres\\node_modules\\pirates\\lib\\index.js:136:24)\n    at Module._extensions..js (node:internal/modules/cjs/loader:1209:10)\n    at Object.newLoader [as .js] (E:\\express\\fundoo-notes-using-postgres\\node_modules\\pirates\\lib\\index.js:141:7)\n    at Module.load (node:internal/modules/cjs/loader:1033:32)\n    at Function.Module._load (node:internal/modules/cjs/loader:868:12)\n    at Module.require (node:internal/modules/cjs/loader:1057:19)\n    at require (node:internal/modules/cjs/helpers:103:18)\n    at Object.<anonymous> (E:\\express\\fundoo-notes-using-postgres\\src\\routes\\/index.js:4:1)\n    at Module._compile (node:internal/modules/cjs/loader:1155:14)\n    at Module._compile (E:\\express\\fundoo-notes-using-postgres\\node_modules\\pirates\\lib\\index.js:136:24)\n    at Module._extensions..js (node:internal/modules/cjs/loader:1209:10)\n    at Object.newLoader [as .js] (E:\\express\\fundoo-notes-using-postgres\\node_modules\\pirates\\lib\\index.js:141:7)\n    at Module.load (node:internal/modules/cjs/loader:1033:32)\n    at Function.Module._load (node:internal/modules/cjs/loader:868:12)\n    at Module.require (node:internal/modules/cjs/loader:1057:19)\n    at require (node:internal/modules/cjs/helpers:103:18)\n    at Object.<anonymous> (E:\\express\\fundoo-notes-using-postgres\\src\\/index.js:8:1)\n    at Module._compile (node:internal/modules/cjs/loader:1155:14)\n    at Module._compile (E:\\express\\fundoo-notes-using-postgres\\node_modules\\pirates\\lib\\index.js:136:24)\n    at Module._extensions..js (node:internal/modules/cjs/loader:1209:10)\n    at Object.newLoader [as .js] (E:\\express\\fundoo-notes-using-postgres\\node_modules\\pirates\\lib\\index.js:141:7)\n    at Module.load (node:internal/modules/cjs/loader:1033:32)\n    at Function.Module._load (node:internal/modules/cjs/loader:868:12)\n    at Function.runMain (node:internal/modules/run_main:81:12)\n    at Object.<anonymous> (E:\\express\\fundoo-notes-using-postgres\\node_modules\\@babel\\node\\src\\_babel-node.ts:223:12)\n    at Module._compile (node:internal/modules/cjs/loader:1155:14)\n    at Object.Module._extensions..js (node:internal/modules/cjs/loader:1209:10)\n    at Module.load (node:internal/modules/cjs/loader:1033:32)\n    at Function.Module._load (node:internal/modules/cjs/loader:868:12)\n    at Function.executeUserEntryPoint [as runMain] (node:internal/modules/run_main:81:12)\n    at node:internal/main/run_main_module:22:47","timestamp":"2023-05-17T07:16:19.780Z","trace":[{"column":15,"file":"E:\\express\\fundoo-notes-using-postgres\\node_modules\\express\\lib\\router\\route.js","function":"Route.<computed> [as put]","line":211,"method":"<computed> [as put]","native":false},{"column":19,"file":"E:\\express\\fundoo-notes-using-postgres\\node_modules\\express\\lib\\router\\index.js","function":"Function.put","line":521,"method":"put","native":false},{"column":8,"file":"E:\\express\\fundoo-notes-using-postgres\\src\\routes\\/user.route.js","function":null,"line":21,"method":null,"native":false},{"column":14,"file":"node:internal/modules/cjs/loader","function":"Module._compile","line":1155,"method":"_compile","native":false},{"column":24,"file":"E:\\express\\fundoo-notes-using-postgres\\node_modules\\pirates\\lib\\index.js","function":"Module._compile","line":136,"method":"_compile","native":false},{"column":10,"file":"node:internal/modules/cjs/loader","function":"Module._extensions..js","line":1209,"method":".js","native":false},{"column":7,"file":"E:\\express\\fundoo-notes-using-postgres\\node_modules\\pirates\\lib\\index.js","function":"Object.newLoader [as .js]","line":141,"method":"js]","native":false},{"column":32,"file":"node:internal/modules/cjs/loader","function":"Module.load","line":1033,"method":"load","native":false},{"column":12,"file":"node:internal/modules/cjs/loader","function":"Module._load","line":868,"method":"_load","native":false},{"column":19,"file":"node:internal/modules/cjs/loader","function":"Module.require","line":1057,"method":"require","native":false},{"column":18,"file":"node:internal/modules/cjs/helpers","function":"require","line":103,"method":null,"native":false},{"column":1,"file":"E:\\express\\fundoo-notes-using-postgres\\src\\routes\\/index.js","function":null,"line":4,"method":null,"native":false},{"column":14,"file":"node:internal/modules/cjs/loader","function":"Module._compile","line":1155,"method":"_compile","native":false},{"column":24,"file":"E:\\express\\fundoo-notes-using-postgres\\node_modules\\pirates\\lib\\index.js","function":"Module._compile","line":136,"method":"_compile","native":false},{"column":10,"file":"node:internal/modules/cjs/loader","function":"Module._extensions..js","line":1209,"method":".js","native":false},{"column":7,"file":"E:\\express\\fundoo-notes-using-postgres\\node_modules\\pirates\\lib\\index.js","function":"Object.newLoader [as .js]","line":141,"method":"js]","native":false},{"column":32,"file":"node:internal/modules/cjs/loader","function":"Module.load","line":1033,"method":"load","native":false},{"column":12,"file":"node:internal/modules/cjs/loader","function":"Module._load","line":868,"method":"_load","native":false},{"column":19,"file":"node:internal/modules/cjs/loader","function":"Module.require","line":1057,"method":"require","native":false},{"column":18,"file":"node:internal/modules/cjs/helpers","function":"require","line":103,"method":null,"native":false},{"column":1,"file":"E:\\express\\fundoo-notes-using-postgres\\src\\/index.js","function":null,"line":8,"method":null,"native":false},{"column":14,"file":"node:internal/modules/cjs/loader","function":"Module._compile","line":1155,"method":"_compile","native":false},{"column":24,"file":"E:\\express\\fundoo-notes-using-postgres\\node_modules\\pirates\\lib\\index.js","function":"Module._compile","line":136,"method":"_compile","native":false},{"column":10,"file":"node:internal/modules/cjs/loader","function":"Module._extensions..js","line":1209,"method":".js","native":false},{"column":7,"file":"E:\\express\\fundoo-notes-using-postgres\\node_modules\\pirates\\lib\\index.js","function":"Object.newLoader [as .js]","line":141,"method":"js]","native":false},{"column":32,"file":"node:internal/modules/cjs/loader","function":"Module.load","line":1033,"method":"load","native":false},{"column":12,"file":"node:internal/modules/cjs/loader","function":"Module._load","line":868,"method":"_load","native":false},{"column":12,"file":"node:internal/modules/run_main","function":"Function.runMain","line":81,"method":"runMain","native":false},{"column":12,"file":"E:\\express\\fundoo-notes-using-postgres\\node_modules\\@babel\\node\\src\\_babel-node.ts","function":null,"line":223,"method":null,"native":false},{"column":14,"file":"node:internal/modules/cjs/loader","function":"Module._compile","line":1155,"method":"_compile","native":false},{"column":10,"file":"node:internal/modules/cjs/loader","function":"Module._extensions..js","line":1209,"method":".js","native":false},{"column":32,"file":"node:internal/modules/cjs/loader","function":"Module.load","line":1033,"method":"load","native":false},{"column":12,"file":"node:internal/modules/cjs/loader","function":"Module._load","line":868,"method":"_load","native":false},{"column":12,"file":"node:internal/modules/run_main","function":"Function.executeUserEntryPoint [as runMain]","line":81,"method":"executeUserEntryPoint [as runMain]","native":false},{"column":47,"file":"node:internal/main/run_main_module","function":null,"line":22,"method":null,"native":false}]}
error: 
    status - 500 
    message - SyntaxError: Unexpected token } in JSON at position 52
    at JSON.parse (<anonymous>)
    at parse (E:\express\fundoo-notes-using-postgres\node_modules\body-parser\lib\types\json.js:89:19)
    at E:\express\fundoo-notes-using-postgres\node_modules\body-parser\lib\read.js:128:18
    at AsyncResource.runInAsyncScope (node:async_hooks:203:9)
    at invokeCallback (E:\express\fundoo-notes-using-postgres\node_modules\raw-body\index.js:231:16)
    at done (E:\express\fundoo-notes-using-postgres\node_modules\raw-body\index.js:220:7)
    at IncomingMessage.onEnd (E:\express\fundoo-notes-using-postgres\node_modules\raw-body\index.js:280:7)
    at IncomingMessage.emit (node:events:525:35)
    at IncomingMessage.emit (node:domain:489:12)
    at endReadableNT (node:internal/streams/readable:1358:12)
    at processTicksAndRejections (node:internal/process/task_queues:83:21) 
    url - /api/v1/users/forgotP 
    method - POST 
    IP - ::1
   {"timestamp":"2023-05-17T07:30:10.862Z"}
error: 
    status - 500 
    message - Error: Password Is incorrect.....
    at _callee3$ (E:\express\fundoo-notes-using-postgres\src\services\/user.service.js:33:13)
    at tryCatch (E:\express\fundoo-notes-using-postgres\node_modules\@babel\runtime\helpers\regeneratorRuntime.js:44:17)
    at Generator.<anonymous> (E:\express\fundoo-notes-using-postgres\node_modules\@babel\runtime\helpers\regeneratorRuntime.js:125:22)
    at Generator.next (E:\express\fundoo-notes-using-postgres\node_modules\@babel\runtime\helpers\regeneratorRuntime.js:69:21)
    at asyncGeneratorStep (E:\express\fundoo-notes-using-postgres\node_modules\@babel\runtime\helpers\asyncToGenerator.js:3:24)
    at _next (E:\express\fundoo-notes-using-postgres\node_modules\@babel\runtime\helpers\asyncToGenerator.js:22:9) 
    url - /api/v1/users/logins 
    method - POST 
    IP - ::1
   {"timestamp":"2023-05-17T07:42:26.173Z"}
error: 
    status - 500 
    message - Error: Password Is incorrect.....
    at _callee3$ (E:\express\fundoo-notes-using-postgres\src\services\/user.service.js:33:13)
    at tryCatch (E:\express\fundoo-notes-using-postgres\node_modules\@babel\runtime\helpers\regeneratorRuntime.js:44:17)
    at Generator.<anonymous> (E:\express\fundoo-notes-using-postgres\node_modules\@babel\runtime\helpers\regeneratorRuntime.js:125:22)
    at Generator.next (E:\express\fundoo-notes-using-postgres\node_modules\@babel\runtime\helpers\regeneratorRuntime.js:69:21)
    at asyncGeneratorStep (E:\express\fundoo-notes-using-postgres\node_modules\@babel\runtime\helpers\asyncToGenerator.js:3:24)
    at _next (E:\express\fundoo-notes-using-postgres\node_modules\@babel\runtime\helpers\asyncToGenerator.js:22:9) 
    url - /api/v1/users/logins 
    method - POST 
    IP - ::1
   {"timestamp":"2023-05-17T07:44:20.263Z"}
